Connecting to database specified by database.yml
Connecting to database specified by database.yml
Connecting to database specified by database.yml
  [1m[36m (0.1ms)[0m  [1mselect sqlite_version(*)[0m
  [1m[35m (139.0ms)[0m  CREATE TABLE "schema_migrations" ("version" varchar(255) NOT NULL) 
  [1m[36m (0.1ms)[0m  [1mPRAGMA index_list("schema_migrations")[0m
  [1m[35m (77.6ms)[0m  CREATE UNIQUE INDEX "unique_schema_migrations" ON "schema_migrations" ("version")
  [1m[36m (0.1ms)[0m  [1mSELECT "schema_migrations"."version" FROM "schema_migrations" [0m
Migrating to DeviseCreateUsers (20121002180135)
  [1m[35m (0.1ms)[0m  begin transaction
  [1m[36m (0.8ms)[0m  [1mCREATE TABLE "users" ("id" INTEGER PRIMARY KEY AUTOINCREMENT NOT NULL, "email" varchar(255) DEFAULT '' NOT NULL, "encrypted_password" varchar(255) DEFAULT '' NOT NULL, "reset_password_token" varchar(255), "reset_password_sent_at" datetime, "remember_created_at" datetime, "sign_in_count" integer DEFAULT 0, "current_sign_in_at" datetime, "last_sign_in_at" datetime, "current_sign_in_ip" varchar(255), "last_sign_in_ip" varchar(255), "created_at" datetime NOT NULL, "updated_at" datetime NOT NULL) [0m
  [1m[35m (0.0ms)[0m  PRAGMA index_list("users")
  [1m[36m (0.3ms)[0m  [1mCREATE UNIQUE INDEX "index_users_on_email" ON "users" ("email")[0m
  [1m[35m (0.1ms)[0m  PRAGMA index_list("users")
  [1m[36m (0.0ms)[0m  [1mPRAGMA index_info('index_users_on_email')[0m
  [1m[35m (0.2ms)[0m  CREATE UNIQUE INDEX "index_users_on_reset_password_token" ON "users" ("reset_password_token")
  [1m[36m (0.1ms)[0m  [1mINSERT INTO "schema_migrations" ("version") VALUES ('20121002180135')[0m
  [1m[35m (150.7ms)[0m  commit transaction
  [1m[36m (0.5ms)[0m  [1mselect sqlite_version(*)[0m
  [1m[35m (0.2ms)[0m  SELECT "schema_migrations"."version" FROM "schema_migrations" 
  [1m[36m (0.1ms)[0m  [1mPRAGMA index_list("users")[0m
  [1m[35m (0.1ms)[0m  PRAGMA index_info('index_users_on_reset_password_token')
  [1m[36m (0.0ms)[0m  [1mPRAGMA index_info('index_users_on_email')[0m
Connecting to database specified by database.yml
Connecting to database specified by database.yml
Connecting to database specified by database.yml


Started GET "/users/sigin" for 127.0.0.1 at 2012-10-02 15:04:39 -0300

ActionController::RoutingError (No route matches [GET] "/users/sigin"):
  actionpack (3.2.6) lib/action_dispatch/middleware/debug_exceptions.rb:21:in `call'
  actionpack (3.2.6) lib/action_dispatch/middleware/show_exceptions.rb:56:in `call'
  railties (3.2.6) lib/rails/rack/logger.rb:26:in `call_app'
  railties (3.2.6) lib/rails/rack/logger.rb:16:in `call'
  actionpack (3.2.6) lib/action_dispatch/middleware/request_id.rb:22:in `call'
  rack (1.4.1) lib/rack/methodoverride.rb:21:in `call'
  rack (1.4.1) lib/rack/runtime.rb:17:in `call'
  activesupport (3.2.6) lib/active_support/cache/strategy/local_cache.rb:72:in `call'
  rack (1.4.1) lib/rack/lock.rb:15:in `call'
  actionpack (3.2.6) lib/action_dispatch/middleware/static.rb:62:in `call'
  railties (3.2.6) lib/rails/engine.rb:479:in `call'
  railties (3.2.6) lib/rails/application.rb:220:in `call'
  rack (1.4.1) lib/rack/content_length.rb:14:in `call'
  railties (3.2.6) lib/rails/rack/log_tailer.rb:17:in `call'
  rack (1.4.1) lib/rack/handler/webrick.rb:59:in `service'
  /home/jose/.rvm/rubies/ruby-1.9.3-p194/lib/ruby/1.9.1/webrick/httpserver.rb:138:in `service'
  /home/jose/.rvm/rubies/ruby-1.9.3-p194/lib/ruby/1.9.1/webrick/httpserver.rb:94:in `run'
  /home/jose/.rvm/rubies/ruby-1.9.3-p194/lib/ruby/1.9.1/webrick/server.rb:191:in `block in start_thread'


  Rendered /home/jose/.rvm/gems/ruby-1.9.3-p194/gems/actionpack-3.2.6/lib/action_dispatch/middleware/templates/rescues/routing_error.erb within rescues/layout (3.3ms)


Started GET "/users/sign_in" for 127.0.0.1 at 2012-10-02 15:05:00 -0300
Processing by Devise::SessionsController#new as HTML
  Rendered /home/jose/.rvm/gems/ruby-1.9.3-p194/gems/devise-2.1.2/app/views/devise/shared/_links.erb (3.2ms)
  Rendered /home/jose/.rvm/gems/ruby-1.9.3-p194/gems/devise-2.1.2/app/views/devise/sessions/new.html.erb within layouts/application (62.0ms)
Compiled application.css  (1ms)  (pid 3757)
Compiled jquery.js  (39ms)  (pid 3757)
Compiled jquery_ujs.js  (0ms)  (pid 3757)
Compiled application.js  (88ms)  (pid 3757)
Completed 200 OK in 553ms (Views: 219.9ms | ActiveRecord: 2.6ms)


Started GET "/assets/jquery.js?body=1" for 127.0.0.1 at 2012-10-02 15:05:01 -0300
Served asset /jquery.js - 304 Not Modified (7ms)


Started GET "/assets/application.js?body=1" for 127.0.0.1 at 2012-10-02 15:05:01 -0300
Served asset /application.js - 304 Not Modified (5ms)


Started GET "/assets/jquery_ujs.js?body=1" for 127.0.0.1 at 2012-10-02 15:05:01 -0300
Served asset /jquery_ujs.js - 304 Not Modified (2ms)


Started GET "/assets/application.css?body=1" for 127.0.0.1 at 2012-10-02 15:05:01 -0300
Served asset /application.css - 304 Not Modified (1ms)


Started GET "/users/sign_up" for 127.0.0.1 at 2012-10-02 15:07:00 -0300
Processing by Devise::RegistrationsController#new as HTML
  Rendered /home/jose/.rvm/gems/ruby-1.9.3-p194/gems/devise-2.1.2/app/views/devise/shared/_links.erb (0.7ms)
  Rendered /home/jose/.rvm/gems/ruby-1.9.3-p194/gems/devise-2.1.2/app/views/devise/registrations/new.html.erb within layouts/application (5.3ms)
Completed 200 OK in 11ms (Views: 9.7ms | ActiveRecord: 0.0ms)


Started GET "/assets/application.css?body=1" for 127.0.0.1 at 2012-10-02 15:07:00 -0300
Served asset /application.css - 304 Not Modified (0ms)


Started GET "/assets/jquery_ujs.js?body=1" for 127.0.0.1 at 2012-10-02 15:07:00 -0300
Served asset /jquery_ujs.js - 304 Not Modified (0ms)


Started GET "/assets/application.js?body=1" for 127.0.0.1 at 2012-10-02 15:07:00 -0300
Served asset /application.js - 304 Not Modified (2ms)


Started GET "/assets/jquery.js?body=1" for 127.0.0.1 at 2012-10-02 15:07:00 -0300
Served asset /jquery.js - 304 Not Modified (1ms)


Started POST "/users" for 127.0.0.1 at 2012-10-02 15:07:18 -0300
Processing by Devise::RegistrationsController#create as HTML
  Parameters: {"utf8"=>"✓", "authenticity_token"=>"y5fLBIcGewjs14m7lZUBCzz7KyShEgyvehCRZwA/V6Y=", "user"=>{"email"=>"ze.schmidt@gmail.com", "password"=>"[FILTERED]", "password_confirmation"=>"[FILTERED]"}, "commit"=>"Sign up"}
  [1m[36m (0.1ms)[0m  [1mbegin transaction[0m
  [1m[35mUser Exists (0.3ms)[0m  SELECT 1 AS one FROM "users" WHERE "users"."email" = 'ze.schmidt@gmail.com' LIMIT 1
  [1m[36m (0.1ms)[0m  [1mrollback transaction[0m
  Rendered /home/jose/.rvm/gems/ruby-1.9.3-p194/gems/devise-2.1.2/app/views/devise/shared/_links.erb (0.5ms)
  Rendered /home/jose/.rvm/gems/ruby-1.9.3-p194/gems/devise-2.1.2/app/views/devise/registrations/new.html.erb within layouts/application (39.0ms)
Completed 200 OK in 220ms (Views: 43.9ms | ActiveRecord: 0.0ms)


Started GET "/assets/application.css?body=1" for 127.0.0.1 at 2012-10-02 15:07:18 -0300
Served asset /application.css - 304 Not Modified (1ms)


Started GET "/assets/jquery_ujs.js?body=1" for 127.0.0.1 at 2012-10-02 15:07:18 -0300
Served asset /jquery_ujs.js - 304 Not Modified (0ms)


Started GET "/assets/jquery.js?body=1" for 127.0.0.1 at 2012-10-02 15:07:18 -0300
Served asset /jquery.js - 304 Not Modified (1ms)


Started GET "/assets/application.js?body=1" for 127.0.0.1 at 2012-10-02 15:07:18 -0300
Served asset /application.js - 304 Not Modified (1ms)


Started POST "/users" for 127.0.0.1 at 2012-10-02 15:07:31 -0300
Processing by Devise::RegistrationsController#create as HTML
  Parameters: {"utf8"=>"✓", "authenticity_token"=>"y5fLBIcGewjs14m7lZUBCzz7KyShEgyvehCRZwA/V6Y=", "user"=>{"email"=>"ze.schmidt@gmail.com", "password"=>"[FILTERED]", "password_confirmation"=>"[FILTERED]"}, "commit"=>"Sign up"}
  [1m[35m (0.1ms)[0m  begin transaction
  [1m[36mUser Exists (0.1ms)[0m  [1mSELECT 1 AS one FROM "users" WHERE "users"."email" = 'ze.schmidt@gmail.com' LIMIT 1[0m
  [1m[35m (0.0ms)[0m  rollback transaction
  Rendered /home/jose/.rvm/gems/ruby-1.9.3-p194/gems/devise-2.1.2/app/views/devise/shared/_links.erb (0.4ms)
  Rendered /home/jose/.rvm/gems/ruby-1.9.3-p194/gems/devise-2.1.2/app/views/devise/registrations/new.html.erb within layouts/application (3.9ms)
Completed 200 OK in 94ms (Views: 7.2ms | ActiveRecord: 0.0ms)


Started GET "/assets/application.css?body=1" for 127.0.0.1 at 2012-10-02 15:07:31 -0300
Served asset /application.css - 304 Not Modified (0ms)


Started GET "/assets/application.js?body=1" for 127.0.0.1 at 2012-10-02 15:07:31 -0300
Served asset /application.js - 304 Not Modified (8ms)


Started GET "/assets/jquery_ujs.js?body=1" for 127.0.0.1 at 2012-10-02 15:07:31 -0300
Served asset /jquery_ujs.js - 304 Not Modified (0ms)


Started GET "/assets/jquery.js?body=1" for 127.0.0.1 at 2012-10-02 15:07:31 -0300
Served asset /jquery.js - 304 Not Modified (1ms)


Started POST "/users" for 127.0.0.1 at 2012-10-02 15:07:44 -0300
Processing by Devise::RegistrationsController#create as HTML
  Parameters: {"utf8"=>"✓", "authenticity_token"=>"y5fLBIcGewjs14m7lZUBCzz7KyShEgyvehCRZwA/V6Y=", "user"=>{"email"=>"ze.schmidt@gmail.com", "password"=>"[FILTERED]", "password_confirmation"=>"[FILTERED]"}, "commit"=>"Sign up"}
  [1m[36m (0.1ms)[0m  [1mbegin transaction[0m
  [1m[35mUser Exists (0.2ms)[0m  SELECT 1 AS one FROM "users" WHERE "users"."email" = 'ze.schmidt@gmail.com' LIMIT 1
Binary data inserted for `string` type on column `encrypted_password`
  [1m[36mSQL (23.3ms)[0m  [1mINSERT INTO "users" ("created_at", "current_sign_in_at", "current_sign_in_ip", "email", "encrypted_password", "last_sign_in_at", "last_sign_in_ip", "remember_created_at", "reset_password_sent_at", "reset_password_token", "sign_in_count", "updated_at") VALUES (?, ?, ?, ?, ?, ?, ?, ?, ?, ?, ?, ?)[0m  [["created_at", Tue, 02 Oct 2012 18:07:44 UTC +00:00], ["current_sign_in_at", nil], ["current_sign_in_ip", nil], ["email", "ze.schmidt@gmail.com"], ["encrypted_password", "$2a$10$6TFL9.0koim7O1OGcRHrKOZPFn5UIb3MibNpd197JpUxUBTbPnAiq"], ["last_sign_in_at", nil], ["last_sign_in_ip", nil], ["remember_created_at", nil], ["reset_password_sent_at", nil], ["reset_password_token", nil], ["sign_in_count", 0], ["updated_at", Tue, 02 Oct 2012 18:07:44 UTC +00:00]]
  [1m[35m (75.6ms)[0m  commit transaction
  [1m[36m (0.1ms)[0m  [1mbegin transaction[0m
  [1m[35m (0.4ms)[0m  UPDATE "users" SET "last_sign_in_at" = '2012-10-02 18:07:44.932133', "current_sign_in_at" = '2012-10-02 18:07:44.932133', "last_sign_in_ip" = '127.0.0.1', "current_sign_in_ip" = '127.0.0.1', "sign_in_count" = 1, "updated_at" = '2012-10-02 18:07:44.933652' WHERE "users"."id" = 1
  [1m[36m (59.8ms)[0m  [1mcommit transaction[0m
Redirected to http://localhost:3000/
Completed 302 Found in 255ms (ActiveRecord: 0.0ms)


Started GET "/assets/rails.png" for 127.0.0.1 at 2012-10-02 15:07:45 -0300
Served asset /rails.png - 200 OK (6ms)
Connecting to database specified by database.yml
Connecting to database specified by database.yml
Connecting to database specified by database.yml
  [1m[36m (0.1ms)[0m  [1mSELECT "schema_migrations"."version" FROM "schema_migrations" [0m
Migrating to DeviseCreateUsers (20121002180135)
Migrating to CreatePeople (20121002183510)
  [1m[35m (0.1ms)[0m  select sqlite_version(*)
  [1m[36m (0.1ms)[0m  [1mbegin transaction[0m
  [1m[35m (0.7ms)[0m  CREATE TABLE "people" ("id" INTEGER PRIMARY KEY AUTOINCREMENT NOT NULL, "nome" varchar(255), "created_at" datetime NOT NULL, "updated_at" datetime NOT NULL) 
  [1m[36m (0.1ms)[0m  [1mINSERT INTO "schema_migrations" ("version") VALUES ('20121002183510')[0m
  [1m[35m (146.8ms)[0m  commit transaction
  [1m[36m (0.5ms)[0m  [1mselect sqlite_version(*)[0m
  [1m[35m (0.1ms)[0m  SELECT "schema_migrations"."version" FROM "schema_migrations" 
  [1m[36m (0.1ms)[0m  [1mPRAGMA index_list("people")[0m
  [1m[35m (0.1ms)[0m  PRAGMA index_list("users")
  [1m[36m (0.1ms)[0m  [1mPRAGMA index_info('index_users_on_reset_password_token')[0m
  [1m[35m (0.1ms)[0m  PRAGMA index_info('index_users_on_email')
Connecting to database specified by database.yml


Started GET "/" for 127.0.0.1 at 2012-10-02 15:55:53 -0300

ActionController::RoutingError (No route matches [GET] "/"):
  actionpack (3.2.6) lib/action_dispatch/middleware/debug_exceptions.rb:21:in `call'
  actionpack (3.2.6) lib/action_dispatch/middleware/show_exceptions.rb:56:in `call'
  railties (3.2.6) lib/rails/rack/logger.rb:26:in `call_app'
  railties (3.2.6) lib/rails/rack/logger.rb:16:in `call'
  actionpack (3.2.6) lib/action_dispatch/middleware/request_id.rb:22:in `call'
  rack (1.4.1) lib/rack/methodoverride.rb:21:in `call'
  rack (1.4.1) lib/rack/runtime.rb:17:in `call'
  activesupport (3.2.6) lib/active_support/cache/strategy/local_cache.rb:72:in `call'
  rack (1.4.1) lib/rack/lock.rb:15:in `call'
  actionpack (3.2.6) lib/action_dispatch/middleware/static.rb:62:in `call'
  railties (3.2.6) lib/rails/engine.rb:479:in `call'
  railties (3.2.6) lib/rails/application.rb:220:in `call'
  rack (1.4.1) lib/rack/content_length.rb:14:in `call'
  railties (3.2.6) lib/rails/rack/log_tailer.rb:17:in `call'
  rack (1.4.1) lib/rack/handler/webrick.rb:59:in `service'
  /home/jose/.rvm/rubies/ruby-1.9.3-p194/lib/ruby/1.9.1/webrick/httpserver.rb:138:in `service'
  /home/jose/.rvm/rubies/ruby-1.9.3-p194/lib/ruby/1.9.1/webrick/httpserver.rb:94:in `run'
  /home/jose/.rvm/rubies/ruby-1.9.3-p194/lib/ruby/1.9.1/webrick/server.rb:191:in `block in start_thread'


  Rendered /home/jose/.rvm/gems/ruby-1.9.3-p194/gems/actionpack-3.2.6/lib/action_dispatch/middleware/templates/rescues/routing_error.erb within rescues/layout (2.3ms)


Started GET "/home" for 127.0.0.1 at 2012-10-02 15:56:07 -0300

ActionController::RoutingError (No route matches [GET] "/home"):
  actionpack (3.2.6) lib/action_dispatch/middleware/debug_exceptions.rb:21:in `call'
  actionpack (3.2.6) lib/action_dispatch/middleware/show_exceptions.rb:56:in `call'
  railties (3.2.6) lib/rails/rack/logger.rb:26:in `call_app'
  railties (3.2.6) lib/rails/rack/logger.rb:16:in `call'
  actionpack (3.2.6) lib/action_dispatch/middleware/request_id.rb:22:in `call'
  rack (1.4.1) lib/rack/methodoverride.rb:21:in `call'
  rack (1.4.1) lib/rack/runtime.rb:17:in `call'
  activesupport (3.2.6) lib/active_support/cache/strategy/local_cache.rb:72:in `call'
  rack (1.4.1) lib/rack/lock.rb:15:in `call'
  actionpack (3.2.6) lib/action_dispatch/middleware/static.rb:62:in `call'
  railties (3.2.6) lib/rails/engine.rb:479:in `call'
  railties (3.2.6) lib/rails/application.rb:220:in `call'
  rack (1.4.1) lib/rack/content_length.rb:14:in `call'
  railties (3.2.6) lib/rails/rack/log_tailer.rb:17:in `call'
  rack (1.4.1) lib/rack/handler/webrick.rb:59:in `service'
  /home/jose/.rvm/rubies/ruby-1.9.3-p194/lib/ruby/1.9.1/webrick/httpserver.rb:138:in `service'
  /home/jose/.rvm/rubies/ruby-1.9.3-p194/lib/ruby/1.9.1/webrick/httpserver.rb:94:in `run'
  /home/jose/.rvm/rubies/ruby-1.9.3-p194/lib/ruby/1.9.1/webrick/server.rb:191:in `block in start_thread'


  Rendered /home/jose/.rvm/gems/ruby-1.9.3-p194/gems/actionpack-3.2.6/lib/action_dispatch/middleware/templates/rescues/routing_error.erb within rescues/layout (0.7ms)


Started GET "/people" for 127.0.0.1 at 2012-10-02 15:56:14 -0300
Processing by PeopleController#index as HTML
  [1m[36mPerson Load (0.1ms)[0m  [1mSELECT "people".* FROM "people" [0m
  Rendered people/index.html.erb within layouts/application (1.0ms)
Compiled home.css  (147ms)  (pid 5281)
Compiled people.css  (1ms)  (pid 5281)
Compiled scaffolds.css  (11ms)  (pid 5281)
Compiled application.css  (179ms)  (pid 5281)
Compiled home.js  (509ms)  (pid 5281)
Compiled people.js  (124ms)  (pid 5281)
Compiled application.js  (648ms)  (pid 5281)
  [1m[35mUser Load (0.2ms)[0m  SELECT "users".* FROM "users" WHERE "users"."id" = 1 LIMIT 1
Completed 200 OK in 1028ms (Views: 972.9ms | ActiveRecord: 3.0ms)


Started GET "/assets/home.css?body=1" for 127.0.0.1 at 2012-10-02 15:56:15 -0300
Served asset /home.css - 200 OK (2ms)


Started GET "/assets/jquery.js?body=1" for 127.0.0.1 at 2012-10-02 15:56:15 -0300
Served asset /jquery.js - 304 Not Modified (48ms)


Started GET "/assets/application.css?body=1" for 127.0.0.1 at 2012-10-02 15:56:15 -0300
Served asset /application.css - 304 Not Modified (6ms)


Started GET "/assets/people.css?body=1" for 127.0.0.1 at 2012-10-02 15:56:15 -0300
Served asset /people.css - 304 Not Modified (1ms)


Started GET "/assets/scaffolds.css?body=1" for 127.0.0.1 at 2012-10-02 15:56:15 -0300
Served asset /scaffolds.css - 304 Not Modified (2ms)


Started GET "/assets/home.js?body=1" for 127.0.0.1 at 2012-10-02 15:56:15 -0300
Served asset /home.js - 200 OK (2ms)


Started GET "/assets/jquery_ujs.js?body=1" for 127.0.0.1 at 2012-10-02 15:56:15 -0300
Served asset /jquery_ujs.js - 304 Not Modified (5ms)


Started GET "/assets/people.js?body=1" for 127.0.0.1 at 2012-10-02 15:56:15 -0300
Served asset /people.js - 304 Not Modified (1ms)


Started GET "/assets/application.js?body=1" for 127.0.0.1 at 2012-10-02 15:56:15 -0300
Served asset /application.js - 304 Not Modified (6ms)


Started GET "/" for 127.0.0.1 at 2012-10-02 15:56:47 -0300
Processing by HomeController#index as HTML
  Rendered home/index.html.erb within layouts/application (0.3ms)
  [1m[36mUser Load (0.1ms)[0m  [1mSELECT "users".* FROM "users" WHERE "users"."id" = 1 LIMIT 1[0m
Completed 200 OK in 65ms (Views: 64.3ms | ActiveRecord: 0.7ms)


Started GET "/assets/application.css?body=1" for 127.0.0.1 at 2012-10-02 15:56:47 -0300
Served asset /application.css - 304 Not Modified (7ms)


Started GET "/assets/scaffolds.css?body=1" for 127.0.0.1 at 2012-10-02 15:56:47 -0300
Served asset /scaffolds.css - 304 Not Modified (0ms)


Started GET "/assets/jquery.js?body=1" for 127.0.0.1 at 2012-10-02 15:56:47 -0300
Served asset /jquery.js - 304 Not Modified (6ms)


Started GET "/assets/home.css?body=1" for 127.0.0.1 at 2012-10-02 15:56:47 -0300
Served asset /home.css - 304 Not Modified (0ms)


Started GET "/assets/people.css?body=1" for 127.0.0.1 at 2012-10-02 15:56:47 -0300
Served asset /people.css - 304 Not Modified (0ms)


Started GET "/assets/jquery_ujs.js?body=1" for 127.0.0.1 at 2012-10-02 15:56:47 -0300
Served asset /jquery_ujs.js - 304 Not Modified (0ms)


Started GET "/assets/home.js?body=1" for 127.0.0.1 at 2012-10-02 15:56:47 -0300
Served asset /home.js - 304 Not Modified (0ms)


Started GET "/assets/people.js?body=1" for 127.0.0.1 at 2012-10-02 15:56:47 -0300
Served asset /people.js - 304 Not Modified (1ms)


Started GET "/assets/application.js?body=1" for 127.0.0.1 at 2012-10-02 15:56:47 -0300
Served asset /application.js - 304 Not Modified (4ms)


Started DELETE "/users/sign_out" for 127.0.0.1 at 2012-10-02 15:56:53 -0300
Processing by Devise::SessionsController#destroy as HTML
  Parameters: {"authenticity_token"=>"y5fLBIcGewjs14m7lZUBCzz7KyShEgyvehCRZwA/V6Y="}
  [1m[35mUser Load (0.3ms)[0m  SELECT "users".* FROM "users" WHERE "users"."id" = 1 LIMIT 1
  [1m[36m (0.1ms)[0m  [1mbegin transaction[0m
  [1m[35m (0.1ms)[0m  commit transaction
Redirected to http://localhost:3000/
Completed 302 Found in 13ms (ActiveRecord: 0.5ms)


Started GET "/" for 127.0.0.1 at 2012-10-02 15:56:53 -0300
Processing by HomeController#index as HTML
  Rendered home/index.html.erb within layouts/application (0.1ms)
Completed 200 OK in 47ms (Views: 46.6ms | ActiveRecord: 0.0ms)


Started GET "/assets/people.css?body=1" for 127.0.0.1 at 2012-10-02 15:56:53 -0300
Served asset /people.css - 304 Not Modified (0ms)


Started GET "/assets/home.css?body=1" for 127.0.0.1 at 2012-10-02 15:56:53 -0300
Served asset /home.css - 304 Not Modified (0ms)


Started GET "/assets/scaffolds.css?body=1" for 127.0.0.1 at 2012-10-02 15:56:53 -0300
Served asset /scaffolds.css - 304 Not Modified (2ms)


Started GET "/assets/jquery.js?body=1" for 127.0.0.1 at 2012-10-02 15:56:53 -0300
Served asset /jquery.js - 304 Not Modified (4ms)


Started GET "/assets/application.css?body=1" for 127.0.0.1 at 2012-10-02 15:56:53 -0300
Served asset /application.css - 304 Not Modified (1ms)


Started GET "/assets/jquery_ujs.js?body=1" for 127.0.0.1 at 2012-10-02 15:56:53 -0300
Served asset /jquery_ujs.js - 304 Not Modified (0ms)


Started GET "/assets/home.js?body=1" for 127.0.0.1 at 2012-10-02 15:56:53 -0300
Served asset /home.js - 304 Not Modified (0ms)


Started GET "/assets/people.js?body=1" for 127.0.0.1 at 2012-10-02 15:56:53 -0300
Served asset /people.js - 304 Not Modified (0ms)


Started GET "/assets/application.js?body=1" for 127.0.0.1 at 2012-10-02 15:56:53 -0300
Served asset /application.js - 304 Not Modified (1ms)


Started GET "/users/sign_in" for 127.0.0.1 at 2012-10-02 15:56:57 -0300
Processing by Devise::SessionsController#new as HTML
  Rendered /home/jose/.rvm/gems/ruby-1.9.3-p194/gems/devise-2.1.2/app/views/devise/shared/_links.erb (2.5ms)
  Rendered /home/jose/.rvm/gems/ruby-1.9.3-p194/gems/devise-2.1.2/app/views/devise/sessions/new.html.erb within layouts/application (9.9ms)
Completed 200 OK in 23ms (Views: 21.0ms | ActiveRecord: 0.0ms)


Started GET "/assets/application.css?body=1" for 127.0.0.1 at 2012-10-02 15:56:58 -0300
Served asset /application.css - 304 Not Modified (5ms)


Started GET "/assets/home.css?body=1" for 127.0.0.1 at 2012-10-02 15:56:58 -0300
Served asset /home.css - 304 Not Modified (0ms)


Started GET "/assets/scaffolds.css?body=1" for 127.0.0.1 at 2012-10-02 15:56:58 -0300
Served asset /scaffolds.css - 304 Not Modified (3ms)


Started GET "/assets/people.css?body=1" for 127.0.0.1 at 2012-10-02 15:56:58 -0300
Served asset /people.css - 304 Not Modified (1ms)


Started GET "/assets/jquery.js?body=1" for 127.0.0.1 at 2012-10-02 15:56:58 -0300
Served asset /jquery.js - 304 Not Modified (4ms)


Started GET "/assets/jquery_ujs.js?body=1" for 127.0.0.1 at 2012-10-02 15:56:58 -0300
Served asset /jquery_ujs.js - 304 Not Modified (0ms)


Started GET "/assets/home.js?body=1" for 127.0.0.1 at 2012-10-02 15:56:58 -0300
Served asset /home.js - 304 Not Modified (0ms)


Started GET "/assets/people.js?body=1" for 127.0.0.1 at 2012-10-02 15:56:58 -0300
Served asset /people.js - 304 Not Modified (0ms)


Started GET "/assets/application.js?body=1" for 127.0.0.1 at 2012-10-02 15:56:58 -0300
Served asset /application.js - 304 Not Modified (1ms)


Started POST "/users/sign_in" for 127.0.0.1 at 2012-10-02 15:57:11 -0300
Processing by Devise::SessionsController#create as HTML
  Parameters: {"utf8"=>"✓", "authenticity_token"=>"GWAh6DBTML5kvpJ9uQh+m1d/O6DtFwPRKQFQQSxpM3g=", "user"=>{"email"=>"ze.schmidt@gmail.com", "password"=>"[FILTERED]", "remember_me"=>"0"}, "commit"=>"Sign in"}
  [1m[36mUser Load (0.8ms)[0m  [1mSELECT "users".* FROM "users" WHERE "users"."email" = 'ze.schmidt@gmail.com' LIMIT 1[0m
Completed 401 Unauthorized in 129ms
Processing by Devise::SessionsController#new as HTML
  Parameters: {"utf8"=>"✓", "authenticity_token"=>"GWAh6DBTML5kvpJ9uQh+m1d/O6DtFwPRKQFQQSxpM3g=", "user"=>{"email"=>"ze.schmidt@gmail.com", "password"=>"[FILTERED]", "remember_me"=>"0"}, "commit"=>"Sign in"}
  Rendered /home/jose/.rvm/gems/ruby-1.9.3-p194/gems/devise-2.1.2/app/views/devise/shared/_links.erb (0.5ms)
  Rendered /home/jose/.rvm/gems/ruby-1.9.3-p194/gems/devise-2.1.2/app/views/devise/sessions/new.html.erb within layouts/application (4.0ms)
Completed 200 OK in 95ms (Views: 11.4ms | ActiveRecord: 0.0ms)


Started GET "/assets/application.css?body=1" for 127.0.0.1 at 2012-10-02 15:57:11 -0300
Served asset /application.css - 304 Not Modified (1ms)


Started GET "/assets/people.css?body=1" for 127.0.0.1 at 2012-10-02 15:57:11 -0300
Served asset /people.css - 304 Not Modified (0ms)


Started GET "/assets/home.css?body=1" for 127.0.0.1 at 2012-10-02 15:57:11 -0300
Served asset /home.css - 304 Not Modified (0ms)


Started GET "/assets/scaffolds.css?body=1" for 127.0.0.1 at 2012-10-02 15:57:11 -0300
Served asset /scaffolds.css - 304 Not Modified (0ms)


Started GET "/assets/jquery.js?body=1" for 127.0.0.1 at 2012-10-02 15:57:11 -0300
Served asset /jquery.js - 304 Not Modified (1ms)


Started GET "/assets/home.js?body=1" for 127.0.0.1 at 2012-10-02 15:57:11 -0300
Served asset /home.js - 304 Not Modified (0ms)


Started GET "/assets/jquery_ujs.js?body=1" for 127.0.0.1 at 2012-10-02 15:57:11 -0300
Served asset /jquery_ujs.js - 304 Not Modified (0ms)


Started GET "/assets/application.js?body=1" for 127.0.0.1 at 2012-10-02 15:57:11 -0300
Served asset /application.js - 304 Not Modified (2ms)


Started GET "/assets/people.js?body=1" for 127.0.0.1 at 2012-10-02 15:57:11 -0300
Served asset /people.js - 304 Not Modified (0ms)


Started POST "/users/sign_in" for 127.0.0.1 at 2012-10-02 15:57:19 -0300
Processing by Devise::SessionsController#create as HTML
  Parameters: {"utf8"=>"✓", "authenticity_token"=>"GWAh6DBTML5kvpJ9uQh+m1d/O6DtFwPRKQFQQSxpM3g=", "user"=>{"email"=>"ze.schmidt@gmail.com", "password"=>"[FILTERED]", "remember_me"=>"0"}, "commit"=>"Sign in"}
  [1m[35mUser Load (0.3ms)[0m  SELECT "users".* FROM "users" WHERE "users"."email" = 'ze.schmidt@gmail.com' LIMIT 1
  [1m[36m (0.1ms)[0m  [1mbegin transaction[0m
  [1m[35m (0.4ms)[0m  UPDATE "users" SET "current_sign_in_at" = '2012-10-02 18:57:19.422743', "sign_in_count" = 2, "updated_at" = '2012-10-02 18:57:19.423562' WHERE "users"."id" = 1
  [1m[36m (99.1ms)[0m  [1mcommit transaction[0m
Redirected to http://localhost:3000/
Completed 302 Found in 241ms (ActiveRecord: 0.0ms)


Started GET "/" for 127.0.0.1 at 2012-10-02 15:57:19 -0300
Processing by HomeController#index as HTML
  Rendered home/index.html.erb within layouts/application (0.1ms)
  [1m[35mUser Load (0.4ms)[0m  SELECT "users".* FROM "users" WHERE "users"."id" = 1 LIMIT 1
Completed 200 OK in 13ms (Views: 12.7ms | ActiveRecord: 0.4ms)


Started GET "/assets/application.css?body=1" for 127.0.0.1 at 2012-10-02 15:57:19 -0300
Served asset /application.css - 304 Not Modified (1ms)


Started GET "/assets/home.css?body=1" for 127.0.0.1 at 2012-10-02 15:57:19 -0300
Served asset /home.css - 304 Not Modified (0ms)


Started GET "/assets/scaffolds.css?body=1" for 127.0.0.1 at 2012-10-02 15:57:19 -0300
Served asset /scaffolds.css - 304 Not Modified (0ms)


Started GET "/assets/people.css?body=1" for 127.0.0.1 at 2012-10-02 15:57:19 -0300
Served asset /people.css - 304 Not Modified (0ms)


Started GET "/assets/jquery.js?body=1" for 127.0.0.1 at 2012-10-02 15:57:19 -0300
Served asset /jquery.js - 304 Not Modified (4ms)


Started GET "/assets/jquery_ujs.js?body=1" for 127.0.0.1 at 2012-10-02 15:57:19 -0300
Served asset /jquery_ujs.js - 304 Not Modified (0ms)


Started GET "/assets/people.js?body=1" for 127.0.0.1 at 2012-10-02 15:57:19 -0300
Served asset /people.js - 304 Not Modified (0ms)


Started GET "/assets/home.js?body=1" for 127.0.0.1 at 2012-10-02 15:57:19 -0300
Served asset /home.js - 304 Not Modified (0ms)


Started GET "/assets/application.js?body=1" for 127.0.0.1 at 2012-10-02 15:57:19 -0300
Served asset /application.js - 304 Not Modified (3ms)


Started GET "/people" for 127.0.0.1 at 2012-10-02 15:57:29 -0300
Processing by PeopleController#index as HTML
  [1m[36mPerson Load (0.1ms)[0m  [1mSELECT "people".* FROM "people" [0m
  Rendered people/index.html.erb within layouts/application (0.5ms)
  [1m[35mUser Load (0.2ms)[0m  SELECT "users".* FROM "users" WHERE "users"."id" = 1 LIMIT 1
Completed 200 OK in 13ms (Views: 9.5ms | ActiveRecord: 0.7ms)


Started GET "/assets/application.css?body=1" for 127.0.0.1 at 2012-10-02 15:57:29 -0300
Served asset /application.css - 304 Not Modified (13ms)


Started GET "/assets/scaffolds.css?body=1" for 127.0.0.1 at 2012-10-02 15:57:29 -0300
Served asset /scaffolds.css - 304 Not Modified (0ms)


Started GET "/assets/home.css?body=1" for 127.0.0.1 at 2012-10-02 15:57:29 -0300
Served asset /home.css - 304 Not Modified (0ms)


Started GET "/assets/people.css?body=1" for 127.0.0.1 at 2012-10-02 15:57:29 -0300
Served asset /people.css - 304 Not Modified (0ms)


Started GET "/assets/jquery.js?body=1" for 127.0.0.1 at 2012-10-02 15:57:29 -0300
Served asset /jquery.js - 304 Not Modified (5ms)


Started GET "/assets/jquery_ujs.js?body=1" for 127.0.0.1 at 2012-10-02 15:57:29 -0300
Served asset /jquery_ujs.js - 304 Not Modified (0ms)


Started GET "/assets/home.js?body=1" for 127.0.0.1 at 2012-10-02 15:57:29 -0300
Served asset /home.js - 304 Not Modified (0ms)


Started GET "/assets/people.js?body=1" for 127.0.0.1 at 2012-10-02 15:57:29 -0300
Served asset /people.js - 304 Not Modified (0ms)


Started GET "/assets/application.js?body=1" for 127.0.0.1 at 2012-10-02 15:57:29 -0300
Served asset /application.js - 304 Not Modified (3ms)


Started DELETE "/users/sign_out" for 127.0.0.1 at 2012-10-02 16:09:27 -0300
Processing by Devise::SessionsController#destroy as HTML
  Parameters: {"authenticity_token"=>"GWAh6DBTML5kvpJ9uQh+m1d/O6DtFwPRKQFQQSxpM3g="}
  [1m[36mUser Load (0.1ms)[0m  [1mSELECT "users".* FROM "users" WHERE "users"."id" = 1 LIMIT 1[0m
  [1m[35m (0.1ms)[0m  begin transaction
  [1m[36m (0.0ms)[0m  [1mcommit transaction[0m
Redirected to http://localhost:3000/
Completed 302 Found in 28ms (ActiveRecord: 0.8ms)


Started GET "/" for 127.0.0.1 at 2012-10-02 16:09:27 -0300
Processing by HomeController#index as HTML
  Rendered home/index.html.erb within layouts/application (0.1ms)
Completed 200 OK in 12ms (Views: 10.5ms | ActiveRecord: 0.0ms)


Started GET "/assets/application.css?body=1" for 127.0.0.1 at 2012-10-02 16:09:27 -0300
Served asset /application.css - 304 Not Modified (2ms)


Started GET "/assets/home.css?body=1" for 127.0.0.1 at 2012-10-02 16:09:27 -0300
Served asset /home.css - 304 Not Modified (0ms)


Started GET "/assets/scaffolds.css?body=1" for 127.0.0.1 at 2012-10-02 16:09:27 -0300
Served asset /scaffolds.css - 304 Not Modified (2ms)


Started GET "/assets/jquery.js?body=1" for 127.0.0.1 at 2012-10-02 16:09:27 -0300
Served asset /jquery.js - 304 Not Modified (4ms)


Started GET "/assets/people.css?body=1" for 127.0.0.1 at 2012-10-02 16:09:27 -0300
Served asset /people.css - 304 Not Modified (0ms)


Started GET "/assets/home.js?body=1" for 127.0.0.1 at 2012-10-02 16:09:27 -0300
Served asset /home.js - 304 Not Modified (0ms)


Started GET "/assets/jquery_ujs.js?body=1" for 127.0.0.1 at 2012-10-02 16:09:27 -0300
Served asset /jquery_ujs.js - 304 Not Modified (0ms)


Started GET "/assets/people.js?body=1" for 127.0.0.1 at 2012-10-02 16:09:27 -0300
Served asset /people.js - 304 Not Modified (0ms)


Started GET "/assets/application.js?body=1" for 127.0.0.1 at 2012-10-02 16:09:27 -0300
Served asset /application.js - 304 Not Modified (3ms)


Started GET "/people" for 127.0.0.1 at 2012-10-02 16:09:42 -0300
Processing by PeopleController#index as HTML
Completed 401 Unauthorized in 1ms


Started GET "/users/sign_in" for 127.0.0.1 at 2012-10-02 16:09:42 -0300
Processing by Devise::SessionsController#new as HTML
  Rendered /home/jose/.rvm/gems/ruby-1.9.3-p194/gems/devise-2.1.2/app/views/devise/shared/_links.erb (0.6ms)
  Rendered /home/jose/.rvm/gems/ruby-1.9.3-p194/gems/devise-2.1.2/app/views/devise/sessions/new.html.erb within layouts/application (4.8ms)
Completed 200 OK in 56ms (Views: 54.3ms | ActiveRecord: 0.0ms)


Started GET "/assets/application.css?body=1" for 127.0.0.1 at 2012-10-02 16:09:42 -0300
Served asset /application.css - 304 Not Modified (14ms)


Started GET "/assets/scaffolds.css?body=1" for 127.0.0.1 at 2012-10-02 16:09:42 -0300
Served asset /scaffolds.css - 304 Not Modified (0ms)


Started GET "/assets/jquery.js?body=1" for 127.0.0.1 at 2012-10-02 16:09:42 -0300
Served asset /jquery.js - 304 Not Modified (10ms)


Started GET "/assets/jquery_ujs.js?body=1" for 127.0.0.1 at 2012-10-02 16:09:42 -0300
Served asset /jquery_ujs.js - 304 Not Modified (0ms)


Started GET "/assets/home.css?body=1" for 127.0.0.1 at 2012-10-02 16:09:42 -0300
Served asset /home.css - 304 Not Modified (0ms)


Started GET "/assets/people.css?body=1" for 127.0.0.1 at 2012-10-02 16:09:42 -0300
Served asset /people.css - 304 Not Modified (0ms)


Started GET "/assets/home.js?body=1" for 127.0.0.1 at 2012-10-02 16:09:42 -0300
Served asset /home.js - 304 Not Modified (0ms)


Started GET "/assets/people.js?body=1" for 127.0.0.1 at 2012-10-02 16:09:42 -0300
Served asset /people.js - 304 Not Modified (0ms)


Started GET "/assets/application.js?body=1" for 127.0.0.1 at 2012-10-02 16:09:42 -0300
Served asset /application.js - 304 Not Modified (5ms)


Started GET "/users/password/new" for 127.0.0.1 at 2012-10-02 16:09:54 -0300
Processing by Devise::PasswordsController#new as HTML
  Rendered /home/jose/.rvm/gems/ruby-1.9.3-p194/gems/devise-2.1.2/app/views/devise/shared/_links.erb (0.6ms)
  Rendered /home/jose/.rvm/gems/ruby-1.9.3-p194/gems/devise-2.1.2/app/views/devise/passwords/new.html.erb within layouts/application (4.1ms)
Completed 200 OK in 13ms (Views: 12.1ms | ActiveRecord: 0.0ms)


Started GET "/assets/application.css?body=1" for 127.0.0.1 at 2012-10-02 16:09:54 -0300
Served asset /application.css - 304 Not Modified (2ms)


Started GET "/assets/scaffolds.css?body=1" for 127.0.0.1 at 2012-10-02 16:09:54 -0300
Served asset /scaffolds.css - 304 Not Modified (0ms)


Started GET "/assets/jquery.js?body=1" for 127.0.0.1 at 2012-10-02 16:09:54 -0300
Served asset /jquery.js - 304 Not Modified (3ms)


Started GET "/assets/home.css?body=1" for 127.0.0.1 at 2012-10-02 16:09:54 -0300
Served asset /home.css - 304 Not Modified (0ms)


Started GET "/assets/people.css?body=1" for 127.0.0.1 at 2012-10-02 16:09:54 -0300
Served asset /people.css - 304 Not Modified (0ms)


Started GET "/assets/jquery_ujs.js?body=1" for 127.0.0.1 at 2012-10-02 16:09:54 -0300
Served asset /jquery_ujs.js - 304 Not Modified (0ms)


Started GET "/assets/home.js?body=1" for 127.0.0.1 at 2012-10-02 16:09:54 -0300
Served asset /home.js - 304 Not Modified (0ms)


Started GET "/assets/people.js?body=1" for 127.0.0.1 at 2012-10-02 16:09:54 -0300
Served asset /people.js - 304 Not Modified (0ms)


Started GET "/assets/application.js?body=1" for 127.0.0.1 at 2012-10-02 16:09:54 -0300
Served asset /application.js - 304 Not Modified (1ms)


Started GET "/users/sign_up" for 127.0.0.1 at 2012-10-02 16:10:04 -0300
Processing by Devise::RegistrationsController#new as HTML
  Rendered /home/jose/.rvm/gems/ruby-1.9.3-p194/gems/devise-2.1.2/app/views/devise/shared/_links.erb (0.5ms)
  Rendered /home/jose/.rvm/gems/ruby-1.9.3-p194/gems/devise-2.1.2/app/views/devise/registrations/new.html.erb within layouts/application (4.4ms)
Completed 200 OK in 15ms (Views: 13.5ms | ActiveRecord: 0.0ms)


Started GET "/assets/application.css?body=1" for 127.0.0.1 at 2012-10-02 16:10:04 -0300
Served asset /application.css - 304 Not Modified (46ms)


Started GET "/assets/home.css?body=1" for 127.0.0.1 at 2012-10-02 16:10:04 -0300
Served asset /home.css - 304 Not Modified (3ms)


Started GET "/assets/people.css?body=1" for 127.0.0.1 at 2012-10-02 16:10:04 -0300
Served asset /people.css - 304 Not Modified (0ms)


Started GET "/assets/scaffolds.css?body=1" for 127.0.0.1 at 2012-10-02 16:10:04 -0300
Served asset /scaffolds.css - 304 Not Modified (3ms)


Started GET "/assets/jquery_ujs.js?body=1" for 127.0.0.1 at 2012-10-02 16:10:04 -0300
Served asset /jquery_ujs.js - 304 Not Modified (0ms)


Started GET "/assets/jquery.js?body=1" for 127.0.0.1 at 2012-10-02 16:10:04 -0300
Served asset /jquery.js - 304 Not Modified (6ms)


Started GET "/assets/home.js?body=1" for 127.0.0.1 at 2012-10-02 16:10:04 -0300
Served asset /home.js - 304 Not Modified (1ms)


Started GET "/assets/people.js?body=1" for 127.0.0.1 at 2012-10-02 16:10:04 -0300
Served asset /people.js - 304 Not Modified (0ms)


Started GET "/assets/application.js?body=1" for 127.0.0.1 at 2012-10-02 16:10:04 -0300
Served asset /application.js - 304 Not Modified (2ms)


Started GET "/people" for 127.0.0.1 at 2012-10-02 16:10:16 -0300
Processing by PeopleController#index as HTML
Completed 401 Unauthorized in 0ms


Started GET "/users/sign_in" for 127.0.0.1 at 2012-10-02 16:10:16 -0300
Processing by Devise::SessionsController#new as HTML
  Rendered /home/jose/.rvm/gems/ruby-1.9.3-p194/gems/devise-2.1.2/app/views/devise/shared/_links.erb (0.5ms)
  Rendered /home/jose/.rvm/gems/ruby-1.9.3-p194/gems/devise-2.1.2/app/views/devise/sessions/new.html.erb within layouts/application (4.1ms)
Completed 200 OK in 13ms (Views: 12.7ms | ActiveRecord: 0.0ms)


Started GET "/assets/application.css?body=1" for 127.0.0.1 at 2012-10-02 16:10:16 -0300
Served asset /application.css - 304 Not Modified (11ms)


Started GET "/assets/scaffolds.css?body=1" for 127.0.0.1 at 2012-10-02 16:10:16 -0300
Served asset /scaffolds.css - 304 Not Modified (0ms)


Started GET "/assets/jquery.js?body=1" for 127.0.0.1 at 2012-10-02 16:10:16 -0300
Served asset /jquery.js - 304 Not Modified (2ms)


Started GET "/assets/home.css?body=1" for 127.0.0.1 at 2012-10-02 16:10:16 -0300
Served asset /home.css - 304 Not Modified (0ms)


Started GET "/assets/people.css?body=1" for 127.0.0.1 at 2012-10-02 16:10:16 -0300
Served asset /people.css - 304 Not Modified (0ms)


Started GET "/assets/jquery_ujs.js?body=1" for 127.0.0.1 at 2012-10-02 16:10:16 -0300
Served asset /jquery_ujs.js - 304 Not Modified (0ms)


Started GET "/assets/home.js?body=1" for 127.0.0.1 at 2012-10-02 16:10:16 -0300
Served asset /home.js - 304 Not Modified (0ms)


Started GET "/assets/people.js?body=1" for 127.0.0.1 at 2012-10-02 16:10:16 -0300
Served asset /people.js - 304 Not Modified (0ms)


Started GET "/assets/application.js?body=1" for 127.0.0.1 at 2012-10-02 16:10:16 -0300
Served asset /application.js - 304 Not Modified (1ms)
Connecting to database specified by database.yml


Started GET "/" for 127.0.0.1 at 2012-10-02 17:06:51 -0300
Processing by HomeController#index as HTML
  Rendered home/index.html.erb within layouts/application (2.1ms)
Compiled bootstrap-responsive.css  (0ms)  (pid 7406)
Compiled bootstrap-responsive.min.css  (0ms)  (pid 7406)
Compiled bootstrap.css  (0ms)  (pid 7406)
Compiled bootstrap.min.css  (0ms)  (pid 7406)
Compiled application.css  (56ms)  (pid 7406)
Compiled bootstrap.js  (0ms)  (pid 7406)
Compiled bootstrap.min.js  (0ms)  (pid 7406)
Compiled application.js  (13ms)  (pid 7406)
Completed 200 OK in 233ms (Views: 232.7ms | ActiveRecord: 0.0ms)


Started GET "/assets/application.css?body=1" for 127.0.0.1 at 2012-10-02 17:06:51 -0300
Served asset /application.css - 304 Not Modified (22ms)


Started GET "/assets/bootstrap-responsive.css?body=1" for 127.0.0.1 at 2012-10-02 17:06:51 -0300
Served asset /bootstrap-responsive.css - 304 Not Modified (3ms)


Started GET "/assets/bootstrap.css?body=1" for 127.0.0.1 at 2012-10-02 17:06:51 -0300
Served asset /bootstrap.css - 304 Not Modified (2ms)


Started GET "/assets/bootstrap-responsive.min.css?body=1" for 127.0.0.1 at 2012-10-02 17:06:51 -0300
Served asset /bootstrap-responsive.min.css - 304 Not Modified (5ms)


Started GET "/assets/bootstrap.min.css?body=1" for 127.0.0.1 at 2012-10-02 17:06:51 -0300
Served asset /bootstrap.min.css - 304 Not Modified (3ms)


Started GET "/assets/home.css?body=1" for 127.0.0.1 at 2012-10-02 17:06:51 -0300
Served asset /home.css - 304 Not Modified (1ms)


Started GET "/assets/people.css?body=1" for 127.0.0.1 at 2012-10-02 17:06:51 -0300
Served asset /people.css - 304 Not Modified (6ms)


Started GET "/assets/scaffolds.css?body=1" for 127.0.0.1 at 2012-10-02 17:06:51 -0300
Served asset /scaffolds.css - 304 Not Modified (2ms)


Started GET "/assets/jquery.js?body=1" for 127.0.0.1 at 2012-10-02 17:06:51 -0300
Served asset /jquery.js - 304 Not Modified (9ms)


Started GET "/assets/jquery_ujs.js?body=1" for 127.0.0.1 at 2012-10-02 17:06:51 -0300
Served asset /jquery_ujs.js - 304 Not Modified (4ms)


Started GET "/assets/bootstrap.js?body=1" for 127.0.0.1 at 2012-10-02 17:06:51 -0300
Served asset /bootstrap.js - 304 Not Modified (3ms)


Started GET "/assets/bootstrap.min.js?body=1" for 127.0.0.1 at 2012-10-02 17:06:51 -0300
Served asset /bootstrap.min.js - 304 Not Modified (2ms)


Started GET "/assets/home.js?body=1" for 127.0.0.1 at 2012-10-02 17:06:51 -0300
Served asset /home.js - 304 Not Modified (2ms)


Started GET "/assets/people.js?body=1" for 127.0.0.1 at 2012-10-02 17:06:51 -0300
Served asset /people.js - 304 Not Modified (2ms)


Started GET "/assets/application.js?body=1" for 127.0.0.1 at 2012-10-02 17:06:51 -0300
Served asset /application.js - 304 Not Modified (13ms)


Started GET "/assets/bootstrap" for 127.0.0.1 at 2012-10-02 17:06:51 -0300
Served asset /bootstrap - 304 Not Modified (51ms)


Started GET "/users/sign_up" for 127.0.0.1 at 2012-10-02 17:07:07 -0300
Processing by Devise::RegistrationsController#new as HTML
  Rendered /home/jose/.rvm/gems/ruby-1.9.3-p194/gems/devise-2.1.2/app/views/devise/shared/_links.erb (1.8ms)
  Rendered /home/jose/.rvm/gems/ruby-1.9.3-p194/gems/devise-2.1.2/app/views/devise/registrations/new.html.erb within layouts/application (48.5ms)
Completed 200 OK in 131ms (Views: 58.9ms | ActiveRecord: 2.3ms)


Started GET "/assets/application.css?body=1" for 127.0.0.1 at 2012-10-02 17:07:07 -0300
Served asset /application.css - 304 Not Modified (1ms)


Started GET "/assets/bootstrap-responsive.min.css?body=1" for 127.0.0.1 at 2012-10-02 17:07:07 -0300
Served asset /bootstrap-responsive.min.css - 304 Not Modified (0ms)


Started GET "/assets/bootstrap-responsive.css?body=1" for 127.0.0.1 at 2012-10-02 17:07:07 -0300
Served asset /bootstrap-responsive.css - 304 Not Modified (0ms)


Started GET "/assets/bootstrap.min.css?body=1" for 127.0.0.1 at 2012-10-02 17:07:07 -0300
Served asset /bootstrap.min.css - 304 Not Modified (0ms)


Started GET "/assets/bootstrap.css?body=1" for 127.0.0.1 at 2012-10-02 17:07:07 -0300
Served asset /bootstrap.css - 304 Not Modified (0ms)


Started GET "/assets/home.css?body=1" for 127.0.0.1 at 2012-10-02 17:07:07 -0300
Served asset /home.css - 304 Not Modified (0ms)


Started GET "/assets/people.css?body=1" for 127.0.0.1 at 2012-10-02 17:07:07 -0300
Served asset /people.css - 304 Not Modified (0ms)


Started GET "/assets/scaffolds.css?body=1" for 127.0.0.1 at 2012-10-02 17:07:07 -0300
Served asset /scaffolds.css - 304 Not Modified (0ms)


Started GET "/assets/jquery.js?body=1" for 127.0.0.1 at 2012-10-02 17:07:07 -0300
Served asset /jquery.js - 304 Not Modified (4ms)


Started GET "/assets/jquery_ujs.js?body=1" for 127.0.0.1 at 2012-10-02 17:07:07 -0300
Served asset /jquery_ujs.js - 304 Not Modified (0ms)


Started GET "/assets/bootstrap.js?body=1" for 127.0.0.1 at 2012-10-02 17:07:07 -0300
Served asset /bootstrap.js - 304 Not Modified (0ms)


Started GET "/assets/bootstrap.min.js?body=1" for 127.0.0.1 at 2012-10-02 17:07:07 -0300
Served asset /bootstrap.min.js - 304 Not Modified (0ms)


Started GET "/assets/home.js?body=1" for 127.0.0.1 at 2012-10-02 17:07:07 -0300
Served asset /home.js - 304 Not Modified (0ms)


Started GET "/assets/people.js?body=1" for 127.0.0.1 at 2012-10-02 17:07:07 -0300
Served asset /people.js - 304 Not Modified (0ms)


Started GET "/assets/application.js?body=1" for 127.0.0.1 at 2012-10-02 17:07:07 -0300
Served asset /application.js - 304 Not Modified (3ms)


Started GET "/assets/bootstrap" for 127.0.0.1 at 2012-10-02 17:07:07 -0300
Served asset /bootstrap - 304 Not Modified (0ms)


Started GET "/users/sign_in" for 127.0.0.1 at 2012-10-02 17:07:19 -0300
Processing by Devise::SessionsController#new as HTML
  Rendered /home/jose/.rvm/gems/ruby-1.9.3-p194/gems/devise-2.1.2/app/views/devise/shared/_links.erb (0.6ms)
  Rendered /home/jose/.rvm/gems/ruby-1.9.3-p194/gems/devise-2.1.2/app/views/devise/sessions/new.html.erb within layouts/application (4.7ms)
Completed 200 OK in 58ms (Views: 56.8ms | ActiveRecord: 0.0ms)


Started GET "/assets/application.css?body=1" for 127.0.0.1 at 2012-10-02 17:07:19 -0300
Served asset /application.css - 304 Not Modified (7ms)


Started GET "/assets/bootstrap-responsive.css?body=1" for 127.0.0.1 at 2012-10-02 17:07:19 -0300
Served asset /bootstrap-responsive.css - 304 Not Modified (0ms)


Started GET "/assets/bootstrap-responsive.min.css?body=1" for 127.0.0.1 at 2012-10-02 17:07:19 -0300
Served asset /bootstrap-responsive.min.css - 304 Not Modified (0ms)


Started GET "/assets/bootstrap.css?body=1" for 127.0.0.1 at 2012-10-02 17:07:19 -0300
Served asset /bootstrap.css - 304 Not Modified (0ms)


Started GET "/assets/bootstrap.min.css?body=1" for 127.0.0.1 at 2012-10-02 17:07:19 -0300
Served asset /bootstrap.min.css - 304 Not Modified (0ms)


Started GET "/assets/home.css?body=1" for 127.0.0.1 at 2012-10-02 17:07:19 -0300
Served asset /home.css - 304 Not Modified (0ms)


Started GET "/assets/people.css?body=1" for 127.0.0.1 at 2012-10-02 17:07:19 -0300
Served asset /people.css - 304 Not Modified (0ms)


Started GET "/assets/scaffolds.css?body=1" for 127.0.0.1 at 2012-10-02 17:07:19 -0300
Served asset /scaffolds.css - 304 Not Modified (1ms)


Started GET "/assets/jquery.js?body=1" for 127.0.0.1 at 2012-10-02 17:07:19 -0300
Served asset /jquery.js - 304 Not Modified (3ms)


Started GET "/assets/jquery_ujs.js?body=1" for 127.0.0.1 at 2012-10-02 17:07:19 -0300
Served asset /jquery_ujs.js - 304 Not Modified (0ms)


Started GET "/assets/bootstrap.js?body=1" for 127.0.0.1 at 2012-10-02 17:07:19 -0300
Served asset /bootstrap.js - 304 Not Modified (0ms)


Started GET "/assets/bootstrap.min.js?body=1" for 127.0.0.1 at 2012-10-02 17:07:19 -0300
Served asset /bootstrap.min.js - 304 Not Modified (0ms)


Started GET "/assets/home.js?body=1" for 127.0.0.1 at 2012-10-02 17:07:19 -0300
Served asset /home.js - 304 Not Modified (0ms)


Started GET "/assets/people.js?body=1" for 127.0.0.1 at 2012-10-02 17:07:19 -0300
Served asset /people.js - 304 Not Modified (0ms)


Started GET "/assets/application.js?body=1" for 127.0.0.1 at 2012-10-02 17:07:19 -0300
Served asset /application.js - 304 Not Modified (3ms)


Started GET "/assets/bootstrap" for 127.0.0.1 at 2012-10-02 17:07:19 -0300
Served asset /bootstrap - 304 Not Modified (0ms)


Started POST "/users/sign_in" for 127.0.0.1 at 2012-10-02 17:07:29 -0300
Processing by Devise::SessionsController#create as HTML
  Parameters: {"utf8"=>"✓", "authenticity_token"=>"mRn7gJiP6QkpRTMe42vSTkpivdgs2w8+CsNo0mHRYpc=", "user"=>{"email"=>"ze.schmidt@gmail.com", "password"=>"[FILTERED]", "remember_me"=>"0"}, "commit"=>"Sign in"}
  [1m[36mUser Load (0.3ms)[0m  [1mSELECT "users".* FROM "users" WHERE "users"."email" = 'ze.schmidt@gmail.com' LIMIT 1[0m
  [1m[35m (0.1ms)[0m  begin transaction
  [1m[36m (0.5ms)[0m  [1mUPDATE "users" SET "last_sign_in_at" = '2012-10-02 18:57:19.422743', "current_sign_in_at" = '2012-10-02 20:07:29.982996', "sign_in_count" = 3, "updated_at" = '2012-10-02 20:07:30.019706' WHERE "users"."id" = 1[0m
  [1m[35m (212.5ms)[0m  commit transaction
Redirected to http://localhost:3000/people
Completed 302 Found in 405ms (ActiveRecord: 0.0ms)


Started GET "/people" for 127.0.0.1 at 2012-10-02 17:07:30 -0300
Processing by PeopleController#index as HTML
  [1m[36mUser Load (0.3ms)[0m  [1mSELECT "users".* FROM "users" WHERE "users"."id" = 1 LIMIT 1[0m
  [1m[35mPerson Load (0.1ms)[0m  SELECT "people".* FROM "people" 
  Rendered people/index.html.erb within layouts/application (1.1ms)
Completed 200 OK in 53ms (Views: 48.0ms | ActiveRecord: 0.7ms)


Started GET "/assets/application.css?body=1" for 127.0.0.1 at 2012-10-02 17:07:30 -0300
Served asset /application.css - 304 Not Modified (1ms)


Started GET "/assets/bootstrap.css?body=1" for 127.0.0.1 at 2012-10-02 17:07:30 -0300
Served asset /bootstrap.css - 304 Not Modified (0ms)


Started GET "/assets/bootstrap-responsive.css?body=1" for 127.0.0.1 at 2012-10-02 17:07:30 -0300
Served asset /bootstrap-responsive.css - 304 Not Modified (0ms)


Started GET "/assets/home.css?body=1" for 127.0.0.1 at 2012-10-02 17:07:30 -0300
Served asset /home.css - 304 Not Modified (0ms)


Started GET "/assets/bootstrap-responsive.min.css?body=1" for 127.0.0.1 at 2012-10-02 17:07:30 -0300
Served asset /bootstrap-responsive.min.css - 304 Not Modified (0ms)


Started GET "/assets/people.css?body=1" for 127.0.0.1 at 2012-10-02 17:07:30 -0300
Served asset /people.css - 304 Not Modified (0ms)


Started GET "/assets/scaffolds.css?body=1" for 127.0.0.1 at 2012-10-02 17:07:30 -0300
Served asset /scaffolds.css - 304 Not Modified (0ms)


Started GET "/assets/bootstrap.min.css?body=1" for 127.0.0.1 at 2012-10-02 17:07:30 -0300
Served asset /bootstrap.min.css - 304 Not Modified (0ms)


Started GET "/assets/jquery.js?body=1" for 127.0.0.1 at 2012-10-02 17:07:30 -0300
Served asset /jquery.js - 304 Not Modified (10ms)


Started GET "/assets/jquery_ujs.js?body=1" for 127.0.0.1 at 2012-10-02 17:07:30 -0300
Served asset /jquery_ujs.js - 304 Not Modified (0ms)


Started GET "/assets/bootstrap.js?body=1" for 127.0.0.1 at 2012-10-02 17:07:30 -0300
Served asset /bootstrap.js - 304 Not Modified (0ms)


Started GET "/assets/bootstrap.min.js?body=1" for 127.0.0.1 at 2012-10-02 17:07:30 -0300
Served asset /bootstrap.min.js - 304 Not Modified (0ms)


Started GET "/assets/people.js?body=1" for 127.0.0.1 at 2012-10-02 17:07:30 -0300
Served asset /people.js - 304 Not Modified (0ms)


Started GET "/assets/home.js?body=1" for 127.0.0.1 at 2012-10-02 17:07:30 -0300
Served asset /home.js - 304 Not Modified (0ms)


Started GET "/assets/bootstrap" for 127.0.0.1 at 2012-10-02 17:07:30 -0300
Served asset /bootstrap - 304 Not Modified (0ms)


Started GET "/assets/application.js?body=1" for 127.0.0.1 at 2012-10-02 17:07:30 -0300
Served asset /application.js - 304 Not Modified (3ms)


Started GET "/people/new" for 127.0.0.1 at 2012-10-02 17:07:34 -0300
Processing by PeopleController#new as HTML
  [1m[36mUser Load (0.3ms)[0m  [1mSELECT "users".* FROM "users" WHERE "users"."id" = 1 LIMIT 1[0m
  Rendered people/_form.html.erb (3.0ms)
  Rendered people/new.html.erb within layouts/application (4.1ms)
Completed 200 OK in 20ms (Views: 12.8ms | ActiveRecord: 0.3ms)


Started GET "/assets/application.css?body=1" for 127.0.0.1 at 2012-10-02 17:07:34 -0300
Served asset /application.css - 304 Not Modified (6ms)


Started GET "/assets/bootstrap-responsive.min.css?body=1" for 127.0.0.1 at 2012-10-02 17:07:34 -0300
Served asset /bootstrap-responsive.min.css - 304 Not Modified (0ms)


Started GET "/assets/bootstrap.css?body=1" for 127.0.0.1 at 2012-10-02 17:07:34 -0300
Served asset /bootstrap.css - 304 Not Modified (0ms)


Started GET "/assets/home.css?body=1" for 127.0.0.1 at 2012-10-02 17:07:34 -0300
Served asset /home.css - 304 Not Modified (0ms)


Started GET "/assets/bootstrap-responsive.css?body=1" for 127.0.0.1 at 2012-10-02 17:07:34 -0300
Served asset /bootstrap-responsive.css - 304 Not Modified (0ms)


Started GET "/assets/bootstrap.min.css?body=1" for 127.0.0.1 at 2012-10-02 17:07:34 -0300
Served asset /bootstrap.min.css - 304 Not Modified (0ms)


Started GET "/assets/people.css?body=1" for 127.0.0.1 at 2012-10-02 17:07:34 -0300
Served asset /people.css - 304 Not Modified (0ms)


Started GET "/assets/scaffolds.css?body=1" for 127.0.0.1 at 2012-10-02 17:07:34 -0300
Served asset /scaffolds.css - 304 Not Modified (0ms)


Started GET "/assets/jquery.js?body=1" for 127.0.0.1 at 2012-10-02 17:07:34 -0300
Served asset /jquery.js - 304 Not Modified (1ms)


Started GET "/assets/jquery_ujs.js?body=1" for 127.0.0.1 at 2012-10-02 17:07:34 -0300
Served asset /jquery_ujs.js - 304 Not Modified (0ms)


Started GET "/assets/bootstrap.js?body=1" for 127.0.0.1 at 2012-10-02 17:07:34 -0300
Served asset /bootstrap.js - 304 Not Modified (0ms)


Started GET "/assets/home.js?body=1" for 127.0.0.1 at 2012-10-02 17:07:34 -0300
Served asset /home.js - 304 Not Modified (0ms)


Started GET "/assets/bootstrap.min.js?body=1" for 127.0.0.1 at 2012-10-02 17:07:34 -0300
Served asset /bootstrap.min.js - 304 Not Modified (0ms)


Started GET "/assets/bootstrap" for 127.0.0.1 at 2012-10-02 17:07:34 -0300
Served asset /bootstrap - 304 Not Modified (0ms)


Started GET "/assets/people.js?body=1" for 127.0.0.1 at 2012-10-02 17:07:34 -0300
Served asset /people.js - 304 Not Modified (0ms)


Started GET "/assets/application.js?body=1" for 127.0.0.1 at 2012-10-02 17:07:34 -0300
Served asset /application.js - 304 Not Modified (2ms)


Started GET "/people" for 127.0.0.1 at 2012-10-02 17:07:55 -0300
Processing by PeopleController#index as HTML
  [1m[35mUser Load (0.3ms)[0m  SELECT "users".* FROM "users" WHERE "users"."id" = 1 LIMIT 1
  [1m[36mPerson Load (0.1ms)[0m  [1mSELECT "people".* FROM "people" [0m
  Rendered people/index.html.erb within layouts/application (0.4ms)
Completed 200 OK in 55ms (Views: 52.1ms | ActiveRecord: 0.4ms)


Started GET "/assets/application.css?body=1" for 127.0.0.1 at 2012-10-02 17:07:55 -0300
Served asset /application.css - 304 Not Modified (4ms)


Started GET "/assets/bootstrap-responsive.css?body=1" for 127.0.0.1 at 2012-10-02 17:07:55 -0300
Served asset /bootstrap-responsive.css - 304 Not Modified (0ms)


Started GET "/assets/bootstrap-responsive.min.css?body=1" for 127.0.0.1 at 2012-10-02 17:07:55 -0300
Served asset /bootstrap-responsive.min.css - 304 Not Modified (0ms)


Started GET "/assets/bootstrap.css?body=1" for 127.0.0.1 at 2012-10-02 17:07:55 -0300
Served asset /bootstrap.css - 304 Not Modified (0ms)


Started GET "/assets/home.css?body=1" for 127.0.0.1 at 2012-10-02 17:07:55 -0300
Served asset /home.css - 304 Not Modified (0ms)


Started GET "/assets/people.css?body=1" for 127.0.0.1 at 2012-10-02 17:07:55 -0300
Served asset /people.css - 304 Not Modified (0ms)


Started GET "/assets/bootstrap.min.css?body=1" for 127.0.0.1 at 2012-10-02 17:07:55 -0300
Served asset /bootstrap.min.css - 304 Not Modified (0ms)


Started GET "/assets/jquery_ujs.js?body=1" for 127.0.0.1 at 2012-10-02 17:07:55 -0300
Served asset /jquery_ujs.js - 304 Not Modified (0ms)


Started GET "/assets/scaffolds.css?body=1" for 127.0.0.1 at 2012-10-02 17:07:55 -0300
Served asset /scaffolds.css - 304 Not Modified (0ms)


Started GET "/assets/jquery.js?body=1" for 127.0.0.1 at 2012-10-02 17:07:55 -0300
Served asset /jquery.js - 304 Not Modified (3ms)


Started GET "/assets/home.js?body=1" for 127.0.0.1 at 2012-10-02 17:07:55 -0300
Served asset /home.js - 304 Not Modified (0ms)


Started GET "/assets/bootstrap.js?body=1" for 127.0.0.1 at 2012-10-02 17:07:55 -0300
Served asset /bootstrap.js - 304 Not Modified (0ms)


Started GET "/assets/bootstrap.min.js?body=1" for 127.0.0.1 at 2012-10-02 17:07:55 -0300
Served asset /bootstrap.min.js - 304 Not Modified (0ms)


Started GET "/assets/people.js?body=1" for 127.0.0.1 at 2012-10-02 17:07:55 -0300
Served asset /people.js - 304 Not Modified (0ms)


Started GET "/assets/application.js?body=1" for 127.0.0.1 at 2012-10-02 17:07:55 -0300
Served asset /application.js - 304 Not Modified (2ms)


Started GET "/assets/bootstrap" for 127.0.0.1 at 2012-10-02 17:07:55 -0300
Served asset /bootstrap - 304 Not Modified (0ms)


Started GET "/people/new" for 127.0.0.1 at 2012-10-02 17:07:59 -0300
Processing by PeopleController#new as HTML
  [1m[35mUser Load (0.4ms)[0m  SELECT "users".* FROM "users" WHERE "users"."id" = 1 LIMIT 1
  Rendered people/_form.html.erb (3.2ms)
  Rendered people/new.html.erb within layouts/application (4.3ms)
Completed 200 OK in 17ms (Views: 14.1ms | ActiveRecord: 0.4ms)


Started GET "/assets/bootstrap-responsive.css?body=1" for 127.0.0.1 at 2012-10-02 17:07:59 -0300
Served asset /bootstrap-responsive.css - 304 Not Modified (0ms)


Started GET "/assets/application.css?body=1" for 127.0.0.1 at 2012-10-02 17:07:59 -0300
Served asset /application.css - 304 Not Modified (5ms)


Started GET "/assets/bootstrap.min.css?body=1" for 127.0.0.1 at 2012-10-02 17:07:59 -0300
Served asset /bootstrap.min.css - 304 Not Modified (0ms)


Started GET "/assets/bootstrap-responsive.min.css?body=1" for 127.0.0.1 at 2012-10-02 17:07:59 -0300
Served asset /bootstrap-responsive.min.css - 304 Not Modified (0ms)


Started GET "/assets/bootstrap.css?body=1" for 127.0.0.1 at 2012-10-02 17:07:59 -0300
Served asset /bootstrap.css - 304 Not Modified (0ms)


Started GET "/assets/home.css?body=1" for 127.0.0.1 at 2012-10-02 17:07:59 -0300
Served asset /home.css - 304 Not Modified (0ms)


Started GET "/assets/people.css?body=1" for 127.0.0.1 at 2012-10-02 17:07:59 -0300
Served asset /people.css - 304 Not Modified (0ms)


Started GET "/assets/scaffolds.css?body=1" for 127.0.0.1 at 2012-10-02 17:07:59 -0300
Served asset /scaffolds.css - 304 Not Modified (0ms)


Started GET "/assets/jquery.js?body=1" for 127.0.0.1 at 2012-10-02 17:07:59 -0300
Served asset /jquery.js - 304 Not Modified (4ms)


Started GET "/assets/jquery_ujs.js?body=1" for 127.0.0.1 at 2012-10-02 17:07:59 -0300
Served asset /jquery_ujs.js - 304 Not Modified (0ms)


Started GET "/assets/bootstrap.js?body=1" for 127.0.0.1 at 2012-10-02 17:07:59 -0300
Served asset /bootstrap.js - 304 Not Modified (0ms)


Started GET "/assets/bootstrap.min.js?body=1" for 127.0.0.1 at 2012-10-02 17:07:59 -0300
Served asset /bootstrap.min.js - 304 Not Modified (0ms)


Started GET "/assets/home.js?body=1" for 127.0.0.1 at 2012-10-02 17:07:59 -0300
Served asset /home.js - 304 Not Modified (0ms)


Started GET "/assets/people.js?body=1" for 127.0.0.1 at 2012-10-02 17:07:59 -0300
Served asset /people.js - 304 Not Modified (0ms)


Started GET "/assets/bootstrap" for 127.0.0.1 at 2012-10-02 17:07:59 -0300
Served asset /bootstrap - 304 Not Modified (0ms)


Started GET "/assets/application.js?body=1" for 127.0.0.1 at 2012-10-02 17:07:59 -0300
Served asset /application.js - 304 Not Modified (3ms)


Started DELETE "/users/sign_out" for 127.0.0.1 at 2012-10-02 17:18:38 -0300
Processing by Devise::SessionsController#destroy as HTML
  Parameters: {"authenticity_token"=>"mRn7gJiP6QkpRTMe42vSTkpivdgs2w8+CsNo0mHRYpc="}
  [1m[36mUser Load (0.3ms)[0m  [1mSELECT "users".* FROM "users" WHERE "users"."id" = 1 LIMIT 1[0m
  [1m[35m (0.1ms)[0m  begin transaction
  [1m[36m (0.0ms)[0m  [1mcommit transaction[0m
Redirected to http://localhost:3000/
Completed 302 Found in 48ms (ActiveRecord: 0.5ms)


Started GET "/" for 127.0.0.1 at 2012-10-02 17:18:38 -0300
Processing by HomeController#index as HTML
  Rendered home/index.html.erb within layouts/application (0.1ms)
Completed 200 OK in 11ms (Views: 10.5ms | ActiveRecord: 0.0ms)


Started GET "/assets/application.css?body=1" for 127.0.0.1 at 2012-10-02 17:18:38 -0300
Served asset /application.css - 304 Not Modified (5ms)


Started GET "/assets/bootstrap-responsive.css?body=1" for 127.0.0.1 at 2012-10-02 17:18:38 -0300
Served asset /bootstrap-responsive.css - 304 Not Modified (0ms)


Started GET "/assets/bootstrap-responsive.min.css?body=1" for 127.0.0.1 at 2012-10-02 17:18:38 -0300
Served asset /bootstrap-responsive.min.css - 304 Not Modified (0ms)


Started GET "/assets/home.css?body=1" for 127.0.0.1 at 2012-10-02 17:18:38 -0300
Served asset /home.css - 304 Not Modified (4ms)


Started GET "/assets/bootstrap.css?body=1" for 127.0.0.1 at 2012-10-02 17:18:38 -0300
Served asset /bootstrap.css - 304 Not Modified (0ms)


Started GET "/assets/bootstrap.min.css?body=1" for 127.0.0.1 at 2012-10-02 17:18:38 -0300
Served asset /bootstrap.min.css - 304 Not Modified (0ms)


Started GET "/assets/people.css?body=1" for 127.0.0.1 at 2012-10-02 17:18:38 -0300
Served asset /people.css - 304 Not Modified (1ms)


Started GET "/assets/scaffolds.css?body=1" for 127.0.0.1 at 2012-10-02 17:18:38 -0300
Served asset /scaffolds.css - 304 Not Modified (0ms)


Started GET "/assets/jquery.js?body=1" for 127.0.0.1 at 2012-10-02 17:18:38 -0300
Served asset /jquery.js - 304 Not Modified (4ms)


Started GET "/assets/jquery_ujs.js?body=1" for 127.0.0.1 at 2012-10-02 17:18:38 -0300
Served asset /jquery_ujs.js - 304 Not Modified (0ms)


Started GET "/assets/bootstrap.min.js?body=1" for 127.0.0.1 at 2012-10-02 17:18:38 -0300
Served asset /bootstrap.min.js - 304 Not Modified (0ms)


Started GET "/assets/bootstrap.js?body=1" for 127.0.0.1 at 2012-10-02 17:18:38 -0300
Served asset /bootstrap.js - 304 Not Modified (0ms)


Started GET "/assets/home.js?body=1" for 127.0.0.1 at 2012-10-02 17:18:38 -0300
Served asset /home.js - 304 Not Modified (0ms)


Started GET "/assets/people.js?body=1" for 127.0.0.1 at 2012-10-02 17:18:38 -0300
Served asset /people.js - 304 Not Modified (0ms)


Started GET "/assets/application.js?body=1" for 127.0.0.1 at 2012-10-02 17:18:38 -0300
Served asset /application.js - 304 Not Modified (2ms)


Started GET "/assets/bootstrap" for 127.0.0.1 at 2012-10-02 17:18:38 -0300
Served asset /bootstrap - 304 Not Modified (0ms)


Started GET "/people" for 127.0.0.1 at 2012-10-02 17:18:43 -0300
Processing by PeopleController#index as HTML
Completed 401 Unauthorized in 0ms


Started GET "/users/sign_in" for 127.0.0.1 at 2012-10-02 17:18:43 -0300
Processing by Devise::SessionsController#new as HTML
  Rendered /home/jose/.rvm/gems/ruby-1.9.3-p194/gems/devise-2.1.2/app/views/devise/shared/_links.erb (0.6ms)
  Rendered /home/jose/.rvm/gems/ruby-1.9.3-p194/gems/devise-2.1.2/app/views/devise/sessions/new.html.erb within layouts/application (6.1ms)
Completed 200 OK in 19ms (Views: 18.2ms | ActiveRecord: 0.0ms)


Started GET "/assets/application.css?body=1" for 127.0.0.1 at 2012-10-02 17:18:43 -0300
Served asset /application.css - 304 Not Modified (16ms)


Started GET "/assets/home.css?body=1" for 127.0.0.1 at 2012-10-02 17:18:43 -0300
Served asset /home.css - 304 Not Modified (0ms)


Started GET "/assets/bootstrap.css?body=1" for 127.0.0.1 at 2012-10-02 17:18:43 -0300
Served asset /bootstrap.css - 304 Not Modified (0ms)


Started GET "/assets/bootstrap-responsive.css?body=1" for 127.0.0.1 at 2012-10-02 17:18:43 -0300
Served asset /bootstrap-responsive.css - 304 Not Modified (0ms)


Started GET "/assets/bootstrap.min.css?body=1" for 127.0.0.1 at 2012-10-02 17:18:43 -0300
Served asset /bootstrap.min.css - 304 Not Modified (0ms)


Started GET "/assets/bootstrap-responsive.min.css?body=1" for 127.0.0.1 at 2012-10-02 17:18:43 -0300
Served asset /bootstrap-responsive.min.css - 304 Not Modified (0ms)


Started GET "/assets/scaffolds.css?body=1" for 127.0.0.1 at 2012-10-02 17:18:43 -0300
Served asset /scaffolds.css - 304 Not Modified (0ms)


Started GET "/assets/people.css?body=1" for 127.0.0.1 at 2012-10-02 17:18:43 -0300
Served asset /people.css - 304 Not Modified (0ms)


Started GET "/assets/jquery.js?body=1" for 127.0.0.1 at 2012-10-02 17:18:43 -0300
Served asset /jquery.js - 304 Not Modified (7ms)


Started GET "/assets/jquery_ujs.js?body=1" for 127.0.0.1 at 2012-10-02 17:18:43 -0300
Served asset /jquery_ujs.js - 304 Not Modified (42ms)


Started GET "/assets/bootstrap.js?body=1" for 127.0.0.1 at 2012-10-02 17:18:43 -0300
Served asset /bootstrap.js - 304 Not Modified (0ms)


Started GET "/assets/bootstrap.min.js?body=1" for 127.0.0.1 at 2012-10-02 17:18:43 -0300
Served asset /bootstrap.min.js - 304 Not Modified (0ms)


Started GET "/assets/home.js?body=1" for 127.0.0.1 at 2012-10-02 17:18:43 -0300
Served asset /home.js - 304 Not Modified (0ms)


Started GET "/assets/people.js?body=1" for 127.0.0.1 at 2012-10-02 17:18:43 -0300
Served asset /people.js - 304 Not Modified (0ms)


Started GET "/assets/bootstrap" for 127.0.0.1 at 2012-10-02 17:18:43 -0300
Served asset /bootstrap - 304 Not Modified (0ms)


Started GET "/assets/application.js?body=1" for 127.0.0.1 at 2012-10-02 17:18:43 -0300
Served asset /application.js - 304 Not Modified (3ms)


Started GET "/" for 127.0.0.1 at 2012-10-02 17:33:20 -0300
Processing by HomeController#index as HTML
  Rendered home/index.html.erb within layouts/application (0.1ms)
Completed 200 OK in 14ms (Views: 12.6ms | ActiveRecord: 0.0ms)


Started GET "/assets/application.css?body=1" for 127.0.0.1 at 2012-10-02 17:33:20 -0300
Served asset /application.css - 304 Not Modified (8ms)


Started GET "/assets/bootstrap-responsive.css?body=1" for 127.0.0.1 at 2012-10-02 17:33:20 -0300
Served asset /bootstrap-responsive.css - 304 Not Modified (0ms)


Started GET "/assets/bootstrap.min.css?body=1" for 127.0.0.1 at 2012-10-02 17:33:20 -0300
Served asset /bootstrap.min.css - 304 Not Modified (0ms)


Started GET "/assets/home.css?body=1" for 127.0.0.1 at 2012-10-02 17:33:20 -0300
Served asset /home.css - 304 Not Modified (0ms)


Started GET "/assets/bootstrap.css?body=1" for 127.0.0.1 at 2012-10-02 17:33:20 -0300
Served asset /bootstrap.css - 304 Not Modified (0ms)


Started GET "/assets/bootstrap-responsive.min.css?body=1" for 127.0.0.1 at 2012-10-02 17:33:20 -0300
Served asset /bootstrap-responsive.min.css - 304 Not Modified (0ms)


Started GET "/assets/people.css?body=1" for 127.0.0.1 at 2012-10-02 17:33:20 -0300
Served asset /people.css - 304 Not Modified (0ms)


Started GET "/assets/scaffolds.css?body=1" for 127.0.0.1 at 2012-10-02 17:33:20 -0300
Served asset /scaffolds.css - 304 Not Modified (0ms)


Started GET "/assets/jquery_ujs.js?body=1" for 127.0.0.1 at 2012-10-02 17:33:20 -0300
Served asset /jquery_ujs.js - 304 Not Modified (2ms)


Started GET "/assets/bootstrap.js?body=1" for 127.0.0.1 at 2012-10-02 17:33:20 -0300
Served asset /bootstrap.js - 304 Not Modified (0ms)


Started GET "/assets/jquery.js?body=1" for 127.0.0.1 at 2012-10-02 17:33:20 -0300
Served asset /jquery.js - 304 Not Modified (2ms)


Started GET "/assets/bootstrap.min.js?body=1" for 127.0.0.1 at 2012-10-02 17:33:20 -0300
Served asset /bootstrap.min.js - 304 Not Modified (0ms)


Started GET "/assets/home.js?body=1" for 127.0.0.1 at 2012-10-02 17:33:20 -0300
Served asset /home.js - 304 Not Modified (0ms)


Started GET "/assets/people.js?body=1" for 127.0.0.1 at 2012-10-02 17:33:20 -0300
Served asset /people.js - 304 Not Modified (0ms)


Started GET "/assets/application.js?body=1" for 127.0.0.1 at 2012-10-02 17:33:20 -0300
Served asset /application.js - 304 Not Modified (1ms)


Started GET "/assets/bootstrap" for 127.0.0.1 at 2012-10-02 17:33:20 -0300
Served asset /bootstrap - 304 Not Modified (0ms)
Connecting to database specified by database.yml


Started GET "/" for 127.0.0.1 at 2012-10-02 17:44:46 -0300
Processing by HomeController#index as HTML
  Rendered home/index.html.erb within layouts/application (2.0ms)
Completed 200 OK in 103ms (Views: 102.3ms | ActiveRecord: 0.0ms)


Started GET "/assets/application.css?body=1" for 127.0.0.1 at 2012-10-02 17:44:46 -0300
Served asset /application.css - 304 Not Modified (17ms)


Started GET "/assets/bootstrap.min.css?body=1" for 127.0.0.1 at 2012-10-02 17:44:46 -0300
Served asset /bootstrap.min.css - 304 Not Modified (2ms)


Started GET "/assets/home.css?body=1" for 127.0.0.1 at 2012-10-02 17:44:46 -0300
Served asset /home.css - 304 Not Modified (2ms)


Started GET "/assets/bootstrap-responsive.min.css?body=1" for 127.0.0.1 at 2012-10-02 17:44:46 -0300
Served asset /bootstrap-responsive.min.css - 304 Not Modified (2ms)


Started GET "/assets/bootstrap-responsive.css?body=1" for 127.0.0.1 at 2012-10-02 17:44:46 -0300
Served asset /bootstrap-responsive.css - 304 Not Modified (2ms)


Started GET "/assets/bootstrap.css?body=1" for 127.0.0.1 at 2012-10-02 17:44:46 -0300
Served asset /bootstrap.css - 304 Not Modified (8ms)


Started GET "/assets/people.css?body=1" for 127.0.0.1 at 2012-10-02 17:44:46 -0300
Served asset /people.css - 304 Not Modified (2ms)


Started GET "/assets/jquery.js?body=1" for 127.0.0.1 at 2012-10-02 17:44:46 -0300
Served asset /jquery.js - 304 Not Modified (10ms)


Started GET "/assets/scaffolds.css?body=1" for 127.0.0.1 at 2012-10-02 17:44:46 -0300
Served asset /scaffolds.css - 304 Not Modified (2ms)


Started GET "/assets/jquery_ujs.js?body=1" for 127.0.0.1 at 2012-10-02 17:44:46 -0300
Served asset /jquery_ujs.js - 304 Not Modified (7ms)


Started GET "/assets/bootstrap.js?body=1" for 127.0.0.1 at 2012-10-02 17:44:46 -0300
Served asset /bootstrap.js - 304 Not Modified (42ms)


Started GET "/assets/bootstrap.min.js?body=1" for 127.0.0.1 at 2012-10-02 17:44:46 -0300
Served asset /bootstrap.min.js - 304 Not Modified (2ms)


Started GET "/assets/home.js?body=1" for 127.0.0.1 at 2012-10-02 17:44:46 -0300
Served asset /home.js - 304 Not Modified (2ms)


Started GET "/assets/application.js?body=1" for 127.0.0.1 at 2012-10-02 17:44:46 -0300
Served asset /application.js - 304 Not Modified (14ms)


Started GET "/assets/people.js?body=1" for 127.0.0.1 at 2012-10-02 17:44:46 -0300
Served asset /people.js - 304 Not Modified (2ms)


Started GET "/assets/bootstrap" for 127.0.0.1 at 2012-10-02 17:44:46 -0300
Served asset /bootstrap - 304 Not Modified (3ms)
